#
# There is insufficient memory for the Java Runtime Environment to continue.
# Native memory allocation (malloc) failed to allocate 32744 bytes for ChunkPool::allocate
# Possible reasons:
#   The system is out of physical RAM or swap space
#   The process is running with CompressedOops enabled, and the Java Heap may be blocking the growth of the native heap
# Possible solutions:
#   Reduce memory load on the system
#   Increase physical memory or swap space
#   Check if swap backing store is full
#   Decrease Java heap size (-Xmx/-Xms)
#   Decrease number of Java threads
#   Decrease Java thread stack sizes (-Xss)
#   Set larger code cache with -XX:ReservedCodeCacheSize=
#   JVM is running with Unscaled Compressed Oops mode in which the Java heap is
#     placed in the first 4GB address space. The Java Heap base address is the
#     maximum limit for the native heap growth. Please use -XX:HeapBaseMinAddress
#     to set the Java Heap base and to place the Java Heap above 4GB virtual address.
# This output file may be truncated or incomplete.
#
#  Out of Memory Error (allocation.cpp:272), pid=28024, tid=0x0000000000007ab8
#
# JRE version: OpenJDK Runtime Environment (Zulu 8.52.0.23-CA-win64) (8.0_282-b08) (build 1.8.0_282-b08)
# Java VM: OpenJDK 64-Bit Server VM (25.282-b08 mixed mode windows-amd64 compressed oops)
# Failed to write core dump. Minidumps are not enabled by default on client versions of Windows
#

---------------  T H R E A D  ---------------

Current thread (0x0000000018542000):  JavaThread "C2 CompilerThread0" daemon [_thread_in_native, id=31416, stack(0x0000000018ea0000,0x0000000018fa0000)]

Stack: [0x0000000018ea0000,0x0000000018fa0000]
[error occurred during error reporting (printing stack bounds), id 0xc0000005]

Native frames: (J=compiled Java code, j=interpreted, Vv=VM code, C=native code)


Current CompileTask:
C2:  32014 5488       4       java.util.TreeMap::put (247 bytes)


---------------  P R O C E S S  ---------------

Java Threads: ( => current thread )
  0x00000000184de000 JavaThread "Service Thread" daemon [_thread_blocked, id=23312, stack(0x00000000190a0000,0x00000000191a0000)]
  0x00000000184a1000 JavaThread "C1 CompilerThread1" daemon [_thread_blocked, id=6688, stack(0x0000000018fa0000,0x00000000190a0000)]
=>0x0000000018542000 JavaThread "C2 CompilerThread0" daemon [_thread_in_native, id=31416, stack(0x0000000018ea0000,0x0000000018fa0000)]
  0x0000000018583000 JavaThread "Attach Listener" daemon [_thread_blocked, id=30028, stack(0x0000000018da0000,0x0000000018ea0000)]
  0x0000000018578800 JavaThread "Signal Dispatcher" daemon [_thread_blocked, id=17136, stack(0x0000000018ca0000,0x0000000018da0000)]
  0x000000000298c000 JavaThread "Finalizer" daemon [_thread_blocked, id=30868, stack(0x0000000017fa0000,0x00000000180a0000)]
  0x0000000017357000 JavaThread "Reference Handler" daemon [_thread_blocked, id=31544, stack(0x0000000017ea0000,0x0000000017fa0000)]
  0x000000000289d000 JavaThread "main" [_thread_in_native, id=12832, stack(0x0000000002770000,0x0000000002870000)]

Other Threads:
  0x0000000017336000 VMThread [stack: 0x0000000017da0000,0x0000000017ea0000] [id=31044]
  0x00000000184e2000 WatcherThread [stack: 0x00000000191a0000,0x00000000192a0000] [id=24844]

VM state:not at safepoint (normal execution)

VM Mutex/Monitor currently owned by a thread: None

heap address: 0x0000000080000000, size: 2048 MB, Compressed Oops mode: 32-bit
Narrow klass base: 0x0000000000000000, Narrow klass shift: 3
Compressed class space size: 1073741824 Address: 0x0000000100000000

Heap:
 PSYoungGen      total 421376K, used 41401K [0x00000000d5580000, 0x00000000f0b00000, 0x0000000100000000)
  eden space 417792K, 9% used [0x00000000d5580000,0x00000000d7dee458,0x00000000eed80000)
  from space 3584K, 0% used [0x00000000f0780000,0x00000000f0780000,0x00000000f0b00000)
  to   space 14848K, 0% used [0x00000000eee00000,0x00000000eee00000,0x00000000efc80000)
 ParOldGen       total 96256K, used 24243K [0x0000000080000000, 0x0000000085e00000, 0x00000000d5580000)
  object space 96256K, 25% used [0x0000000080000000,0x00000000817aced8,0x0000000085e00000)
 Metaspace       used 36464K, capacity 37324K, committed 37544K, reserved 1083392K
  class space    used 4129K, capacity 4492K, committed 4520K, reserved 1048576K

Card table byte_map: [0x0000000011d50000,0x0000000012160000] byte_map_base: 0x0000000011950000

Marking Bits: (ParMarkBitMap*) 0x0000000076c11f00
 Begin Bits: [0x0000000012610000, 0x0000000014610000)
 End Bits:   [0x0000000014610000, 0x0000000016610000)

Polling page: 0x0000000000540000

CodeCache: size=245760Kb used=20732Kb max_used=20732Kb free=225027Kb
 bounds [0x0000000002990000, 0x0000000003df0000, 0x0000000011990000]
 total_blobs=5681 nmethods=4986 adapters=606
 compilation: enabled

Compilation events (10 events):
Event: 31.710 Thread 0x00000000184a1000 5490       3       java.io.DataInputStream::readBoolean (30 bytes)
Event: 31.710 Thread 0x00000000184a1000 nmethod 5490 0x0000000003dc9050 code [0x0000000003dc91e0, 0x0000000003dc9538]
Event: 31.710 Thread 0x00000000184a1000 5492       3       java.util.Map::computeIfAbsent (45 bytes)
Event: 31.711 Thread 0x00000000184a1000 nmethod 5492 0x0000000003dc5210 code [0x0000000003dc53c0, 0x0000000003dc5958]
Event: 31.713 Thread 0x00000000184a1000 5493       3       java.lang.invoke.LambdaForm$MH/527939020::linkToTargetMethod (15 bytes)
Event: 31.713 Thread 0x00000000184a1000 nmethod 5493 0x0000000003dc4a90 code [0x0000000003dc4c00, 0x0000000003dc5118]
Event: 31.714 Thread 0x00000000184a1000 5494       3       java.lang.invoke.LambdaForm$DMH/788592721::invokeStatic_LLIIL_L (22 bytes)
Event: 31.714 Thread 0x00000000184a1000 nmethod 5494 0x0000000003ddf950 code [0x0000000003ddfae0, 0x0000000003de0078]
Event: 31.714 Thread 0x00000000184a1000 5495       3       org.apache.logging.log4j.core.config.plugins.processor.PluginCache$$Lambda$35/1883652579::get$Lambda (14 bytes)
Event: 31.714 Thread 0x00000000184a1000 nmethod 5495 0x0000000003dc4550 code [0x0000000003dc46c0, 0x0000000003dc4950]

GC Heap History (10 events):
Event: 14.645 GC heap before
{Heap before GC invocations=10 (full 1):
 PSYoungGen      total 225792K, used 225378K [0x00000000d5580000, 0x00000000e6080000, 0x0000000100000000)
  eden space 224768K, 100% used [0x00000000d5580000,0x00000000e3100000,0x00000000e3100000)
  from space 1024K, 59% used [0x00000000e5f80000,0x00000000e6018a90,0x00000000e6080000)
  to   space 10240K, 0% used [0x00000000e4c80000,0x00000000e4c80000,0x00000000e5680000)
 ParOldGen       total 53248K, used 8372K [0x0000000080000000, 0x0000000083400000, 0x00000000d5580000)
  object space 53248K, 15% used [0x0000000080000000,0x000000008082d088,0x0000000083400000)
 Metaspace       used 28140K, capacity 28526K, committed 28928K, reserved 1075200K
  class space    used 3145K, capacity 3260K, committed 3328K, reserved 1048576K
Event: 14.674 GC heap after
Heap after GC invocations=10 (full 1):
 PSYoungGen      total 263168K, used 10214K [0x00000000d5580000, 0x00000000ea200000, 0x0000000100000000)
  eden space 252928K, 0% used [0x00000000d5580000,0x00000000d5580000,0x00000000e4c80000)
  from space 10240K, 99% used [0x00000000e4c80000,0x00000000e56799d0,0x00000000e5680000)
  to   space 12800K, 0% used [0x00000000e9580000,0x00000000e9580000,0x00000000ea200000)
 ParOldGen       total 53248K, used 10974K [0x0000000080000000, 0x0000000083400000, 0x00000000d5580000)
  object space 53248K, 20% used [0x0000000080000000,0x0000000080ab7908,0x0000000083400000)
 Metaspace       used 28140K, capacity 28526K, committed 28928K, reserved 1075200K
  class space    used 3145K, capacity 3260K, committed 3328K, reserved 1048576K
}
Event: 19.419 GC heap before
{Heap before GC invocations=11 (full 1):
 PSYoungGen      total 263168K, used 263142K [0x00000000d5580000, 0x00000000ea200000, 0x0000000100000000)
  eden space 252928K, 100% used [0x00000000d5580000,0x00000000e4c80000,0x00000000e4c80000)
  from space 10240K, 99% used [0x00000000e4c80000,0x00000000e56799d0,0x00000000e5680000)
  to   space 12800K, 0% used [0x00000000e9580000,0x00000000e9580000,0x00000000ea200000)
 ParOldGen       total 53248K, used 10974K [0x0000000080000000, 0x0000000083400000, 0x00000000d5580000)
  object space 53248K, 20% used [0x0000000080000000,0x0000000080ab7908,0x0000000083400000)
 Metaspace       used 31381K, capacity 32068K, committed 32256K, reserved 1077248K
  class space    used 3525K, capacity 3791K, committed 3840K, reserved 1048576K
Event: 19.476 GC heap after
Heap after GC invocations=11 (full 1):
 PSYoungGen      total 325120K, used 12786K [0x00000000d5580000, 0x00000000ecb00000, 0x0000000100000000)
  eden space 312320K, 0% used [0x00000000d5580000,0x00000000d5580000,0x00000000e8680000)
  from space 12800K, 99% used [0x00000000e9580000,0x00000000ea1fc840,0x00000000ea200000)
  to   space 15360K, 0% used [0x00000000e8680000,0x00000000e8680000,0x00000000e9580000)
 ParOldGen       total 53248K, used 12802K [0x0000000080000000, 0x0000000083400000, 0x00000000d5580000)
  object space 53248K, 24% used [0x0000000080000000,0x0000000080c80848,0x0000000083400000)
 Metaspace       used 31381K, capacity 32068K, committed 32256K, reserved 1077248K
  class space    used 3525K, capacity 3791K, committed 3840K, reserved 1048576K
}
Event: 24.010 GC heap before
{Heap before GC invocations=12 (full 1):
 PSYoungGen      total 325120K, used 325106K [0x00000000d5580000, 0x00000000ecb00000, 0x0000000100000000)
  eden space 312320K, 100% used [0x00000000d5580000,0x00000000e8680000,0x00000000e8680000)
  from space 12800K, 99% used [0x00000000e9580000,0x00000000ea1fc840,0x00000000ea200000)
  to   space 15360K, 0% used [0x00000000e8680000,0x00000000e8680000,0x00000000e9580000)
 ParOldGen       total 53248K, used 12802K [0x0000000080000000, 0x0000000083400000, 0x00000000d5580000)
  object space 53248K, 24% used [0x0000000080000000,0x0000000080c80848,0x0000000083400000)
 Metaspace       used 32432K, capacity 33234K, committed 33408K, reserved 1079296K
  class space    used 3583K, capacity 3926K, committed 3968K, reserved 1048576K
Event: 24.056 GC heap after
Heap after GC invocations=12 (full 1):
 PSYoungGen      total 327680K, used 1792K [0x00000000d5580000, 0x00000000f1680000, 0x0000000100000000)
  eden space 312320K, 0% used [0x00000000d5580000,0x00000000d5580000,0x00000000e8680000)
  from space 15360K, 11% used [0x00000000e8680000,0x00000000e8840010,0x00000000e9580000)
  to   space 15360K, 0% used [0x00000000f0780000,0x00000000f0780000,0x00000000f1680000)
 ParOldGen       total 53248K, used 25480K [0x0000000080000000, 0x0000000083400000, 0x00000000d5580000)
  object space 53248K, 47% used [0x0000000080000000,0x00000000818e2358,0x0000000083400000)
 Metaspace       used 32432K, capacity 33234K, committed 33408K, reserved 1079296K
  class space    used 3583K, capacity 3926K, committed 3968K, reserved 1048576K
}
Event: 30.138 GC heap before
{Heap before GC invocations=13 (full 1):
 PSYoungGen      total 327680K, used 232481K [0x00000000d5580000, 0x00000000f1680000, 0x0000000100000000)
  eden space 312320K, 73% used [0x00000000d5580000,0x00000000e36c86a0,0x00000000e8680000)
  from space 15360K, 11% used [0x00000000e8680000,0x00000000e8840010,0x00000000e9580000)
  to   space 15360K, 0% used [0x00000000f0780000,0x00000000f0780000,0x00000000f1680000)
 ParOldGen       total 53248K, used 25480K [0x0000000080000000, 0x0000000083400000, 0x00000000d5580000)
  object space 53248K, 47% used [0x0000000080000000,0x00000000818e2358,0x0000000083400000)
 Metaspace       used 34544K, capacity 35402K, committed 35496K, reserved 1081344K
  class space    used 3867K, capacity 4259K, committed 4264K, reserved 1048576K
Event: 30.148 GC heap after
Heap after GC invocations=13 (full 1):
 PSYoungGen      total 421376K, used 3187K [0x00000000d5580000, 0x00000000f0b00000, 0x0000000100000000)
  eden space 417792K, 0% used [0x00000000d5580000,0x00000000d5580000,0x00000000eed80000)
  from space 3584K, 88% used [0x00000000f0780000,0x00000000f0a9ce40,0x00000000f0b00000)
  to   space 14848K, 0% used [0x00000000eee00000,0x00000000eee00000,0x00000000efc80000)
 ParOldGen       total 53248K, used 26640K [0x0000000080000000, 0x0000000083400000, 0x00000000d5580000)
  object space 53248K, 50% used [0x0000000080000000,0x0000000081a04358,0x0000000083400000)
 Metaspace       used 34544K, capacity 35402K, committed 35496K, reserved 1081344K
  class space    used 3867K, capacity 4259K, committed 4264K, reserved 1048576K
}
Event: 30.148 GC heap before
{Heap before GC invocations=14 (full 2):
 PSYoungGen      total 421376K, used 3187K [0x00000000d5580000, 0x00000000f0b00000, 0x0000000100000000)
  eden space 417792K, 0% used [0x00000000d5580000,0x00000000d5580000,0x00000000eed80000)
  from space 3584K, 88% used [0x00000000f0780000,0x00000000f0a9ce40,0x00000000f0b00000)
  to   space 14848K, 0% used [0x00000000eee00000,0x00000000eee00000,0x00000000efc80000)
 ParOldGen       total 53248K, used 26640K [0x0000000080000000, 0x0000000083400000, 0x00000000d5580000)
  object space 53248K, 50% used [0x0000000080000000,0x0000000081a04358,0x0000000083400000)
 Metaspace       used 34544K, capacity 35402K, committed 35496K, reserved 1081344K
  class space    used 3867K, capacity 4259K, committed 4264K, reserved 1048576K
Event: 30.545 GC heap after
Heap after GC invocations=14 (full 2):
 PSYoungGen      total 421376K, used 0K [0x00000000d5580000, 0x00000000f0b00000, 0x0000000100000000)
  eden space 417792K, 0% used [0x00000000d5580000,0x00000000d5580000,0x00000000eed80000)
  from space 3584K, 0% used [0x00000000f0780000,0x00000000f0780000,0x00000000f0b00000)
  to   space 14848K, 0% used [0x00000000eee00000,0x00000000eee00000,0x00000000efc80000)
 ParOldGen       total 96256K, used 24243K [0x0000000080000000, 0x0000000085e00000, 0x00000000d5580000)
  object space 96256K, 25% used [0x0000000080000000,0x00000000817aced8,0x0000000085e00000)
 Metaspace       used 34544K, capacity 35402K, committed 35496K, reserved 1081344K
  class space    used 3867K, capacity 4259K, committed 4264K, reserved 1048576K
}

Deoptimization events (10 events):
Event: 31.090 Thread 0x000000000289d000 Uncommon trap: reason=bimorphic action=maybe_recompile pc=0x0000000003c95ca4 method=java.util.TreeMap.put(Ljava/lang/Object;Ljava/lang/Object;)Ljava/lang/Object; @ 68
Event: 31.090 Thread 0x000000000289d000 Uncommon trap: reason=bimorphic action=maybe_recompile pc=0x0000000003c95ca4 method=java.util.TreeMap.put(Ljava/lang/Object;Ljava/lang/Object;)Ljava/lang/Object; @ 68
Event: 31.101 Thread 0x000000000289d000 Uncommon trap: reason=unstable_if action=reinterpret pc=0x00000000039cf6e0 method=java.util.regex.Pattern.inRange(III)Z @ 7
Event: 31.101 Thread 0x000000000289d000 Uncommon trap: reason=class_check action=maybe_recompile pc=0x0000000003c93ec8 method=java.util.regex.Pattern$Ques.match(Ljava/util/regex/Matcher;ILjava/lang/CharSequence;)Z @ 39
Event: 31.101 Thread 0x000000000289d000 Uncommon trap: reason=bimorphic action=maybe_recompile pc=0x0000000003d85f20 method=java.util.regex.Pattern$Curly.match0(Ljava/util/regex/Matcher;IILjava/lang/CharSequence;)Z @ 170
Event: 31.101 Thread 0x000000000289d000 Uncommon trap: reason=class_check action=maybe_recompile pc=0x0000000003c93ec8 method=java.util.regex.Pattern$Ques.match(Ljava/util/regex/Matcher;ILjava/lang/CharSequence;)Z @ 39
Event: 31.101 Thread 0x000000000289d000 Uncommon trap: reason=bimorphic action=maybe_recompile pc=0x0000000003d85f20 method=java.util.regex.Pattern$Curly.match0(Ljava/util/regex/Matcher;IILjava/lang/CharSequence;)Z @ 170
Event: 31.101 Thread 0x000000000289d000 Uncommon trap: reason=class_check action=maybe_recompile pc=0x0000000003c93ec8 method=java.util.regex.Pattern$Ques.match(Ljava/util/regex/Matcher;ILjava/lang/CharSequence;)Z @ 39
Event: 31.102 Thread 0x000000000289d000 Uncommon trap: reason=class_check action=maybe_recompile pc=0x0000000003c93ec8 method=java.util.regex.Pattern$Ques.match(Ljava/util/regex/Matcher;ILjava/lang/CharSequence;)Z @ 39
Event: 31.585 Thread 0x000000000289d000 Uncommon trap: reason=unstable_if action=reinterpret pc=0x0000000003459008 method=java.util.concurrent.ConcurrentHashMap.putVal(Ljava/lang/Object;Ljava/lang/Object;Z)Ljava/lang/Object; @ 181

Classes redefined (0 events):
No events

Internal exceptions (10 events):
Event: 31.291 Thread 0x000000000289d000 Exception <a 'java/security/PrivilegedActionException'> (0x00000000d63e4890) thrown at [C:\jenkins\workspace\zulu8-silver-build-win64\zulu-src\hotspot\src\share\vm\prims\jvm.cpp, line 1529]
Event: 31.291 Thread 0x000000000289d000 Exception <a 'java/security/PrivilegedActionException'> (0x00000000d63e5058) thrown at [C:\jenkins\workspace\zulu8-silver-build-win64\zulu-src\hotspot\src\share\vm\prims\jvm.cpp, line 1529]
Event: 31.291 Thread 0x000000000289d000 Exception <a 'java/security/PrivilegedActionException'> (0x00000000d63ef9f0) thrown at [C:\jenkins\workspace\zulu8-silver-build-win64\zulu-src\hotspot\src\share\vm\prims\jvm.cpp, line 1529]
Event: 31.291 Thread 0x000000000289d000 Exception <a 'java/security/PrivilegedActionException'> (0x00000000d63f01b8) thrown at [C:\jenkins\workspace\zulu8-silver-build-win64\zulu-src\hotspot\src\share\vm\prims\jvm.cpp, line 1529]
Event: 31.291 Thread 0x000000000289d000 Exception <a 'java/security/PrivilegedActionException'> (0x00000000d63f8f00) thrown at [C:\jenkins\workspace\zulu8-silver-build-win64\zulu-src\hotspot\src\share\vm\prims\jvm.cpp, line 1529]
Event: 31.291 Thread 0x000000000289d000 Exception <a 'java/security/PrivilegedActionException'> (0x00000000d63f96c8) thrown at [C:\jenkins\workspace\zulu8-silver-build-win64\zulu-src\hotspot\src\share\vm\prims\jvm.cpp, line 1529]
Event: 31.292 Thread 0x000000000289d000 Exception <a 'java/security/PrivilegedActionException'> (0x00000000d6401fd0) thrown at [C:\jenkins\workspace\zulu8-silver-build-win64\zulu-src\hotspot\src\share\vm\prims\jvm.cpp, line 1529]
Event: 31.292 Thread 0x000000000289d000 Exception <a 'java/security/PrivilegedActionException'> (0x00000000d6402798) thrown at [C:\jenkins\workspace\zulu8-silver-build-win64\zulu-src\hotspot\src\share\vm\prims\jvm.cpp, line 1529]
Event: 31.292 Thread 0x000000000289d000 Exception <a 'java/security/PrivilegedActionException'> (0x00000000d640bf90) thrown at [C:\jenkins\workspace\zulu8-silver-build-win64\zulu-src\hotspot\src\share\vm\prims\jvm.cpp, line 1529]
Event: 31.292 Thread 0x000000000289d000 Exception <a 'java/security/PrivilegedActionException'> (0x00000000d640c758) thrown at [C:\jenkins\workspace\zulu8-silver-build-win64\zulu-src\hotspot\src\share\vm\prims\jvm.cpp, line 1529]

Events (10 events):
Event: 31.642 loading class org/apache/logging/log4j/kubernetes/KubernetesLookup
Event: 31.642 loading class org/apache/logging/log4j/kubernetes/KubernetesLookup done
Event: 31.684 loading class org/apache/logging/log4j/core/config/plugins/processor/PluginEntry
Event: 31.684 loading class org/apache/logging/log4j/core/config/plugins/processor/PluginEntry done
Event: 31.686 loading class org/apache/logging/log4j/core/config/plugins/processor/PluginEntry
Event: 31.686 loading class org/apache/logging/log4j/core/config/plugins/processor/PluginEntry done
Event: 31.716 loading class java/util/TreeMap$EntrySet
Event: 31.716 loading class java/util/TreeMap$EntrySet done
Event: 31.717 loading class java/util/TreeMap$EntryIterator
Event: 31.717 loading class java/util/TreeMap$EntryIterator done


Dynamic libraries:
0x00007ff63fa10000 - 0x00007ff63fa45000 	C:\Katalon_Studio_Windows_64-8.2.5\jre\bin\javaw.exe
0x00007ffad9220000 - 0x00007ffad9401000 	C:\WINDOWS\SYSTEM32\ntdll.dll
0x00007ffad68e0000 - 0x00007ffad6991000 	C:\WINDOWS\System32\KERNEL32.DLL
0x00007ffad6280000 - 0x00007ffad64f3000 	C:\WINDOWS\System32\KERNELBASE.dll
0x00007ffad8470000 - 0x00007ffad8511000 	C:\WINDOWS\System32\ADVAPI32.dll
0x00007ffad83a0000 - 0x00007ffad843e000 	C:\WINDOWS\System32\msvcrt.dll
0x00007ffad8bb0000 - 0x00007ffad8c0b000 	C:\WINDOWS\System32\sechost.dll
0x00007ffad90b0000 - 0x00007ffad91d2000 	C:\WINDOWS\System32\RPCRT4.dll
0x00007ffad89b0000 - 0x00007ffad8b40000 	C:\WINDOWS\System32\USER32.dll
0x00007ffad5a70000 - 0x00007ffad5a90000 	C:\WINDOWS\System32\win32u.dll
0x00007ffad8440000 - 0x00007ffad8468000 	C:\WINDOWS\System32\GDI32.dll
0x00007ffad6500000 - 0x00007ffad6694000 	C:\WINDOWS\System32\gdi32full.dll
0x00007ffad59d0000 - 0x00007ffad5a6f000 	C:\WINDOWS\System32\msvcp_win.dll
0x00007ffad58d0000 - 0x00007ffad59c8000 	C:\WINDOWS\System32\ucrtbase.dll
0x00007ffac67e0000 - 0x00007ffac6a49000 	C:\WINDOWS\WinSxS\amd64_microsoft.windows.common-controls_6595b64144ccf1df_6.0.17134.2208_none_d3fb8d057c943d4a\COMCTL32.dll
0x00007ffad8c70000 - 0x00007ffad8f92000 	C:\WINDOWS\System32\combase.dll
0x00007ffad6200000 - 0x00007ffad6279000 	C:\WINDOWS\System32\bcryptPrimitives.dll
0x00007ffad9020000 - 0x00007ffad904d000 	C:\WINDOWS\System32\IMM32.DLL
0x00007ffad52f0000 - 0x00007ffad5315000 	C:\Windows\system32\vmwsci.dll
0x00007ffad91e0000 - 0x00007ffad91e8000 	C:\WINDOWS\System32\PSAPI.DLL
0x00007ffad53d0000 - 0x00007ffad540c000 	C:\Windows\system32\PRIVMA~1.DLL
0x00007ffad6df0000 - 0x00007ffad8236000 	C:\WINDOWS\System32\SHELL32.dll
0x00007ffad61b0000 - 0x00007ffad61f9000 	C:\WINDOWS\System32\cfgmgr32.dll
0x00007ffad6790000 - 0x00007ffad6838000 	C:\WINDOWS\System32\shcore.dll
0x00007ffad5a90000 - 0x00007ffad61a3000 	C:\WINDOWS\System32\windows.storage.dll
0x00007ffad8c10000 - 0x00007ffad8c61000 	C:\WINDOWS\System32\shlwapi.dll
0x00007ffad5580000 - 0x00007ffad5591000 	C:\WINDOWS\System32\kernel.appcore.dll
0x00007ffad5560000 - 0x00007ffad557f000 	C:\WINDOWS\System32\profapi.dll
0x00007ffad5510000 - 0x00007ffad555c000 	C:\WINDOWS\System32\powrprof.dll
0x00007ffad55a0000 - 0x00007ffad55aa000 	C:\WINDOWS\System32\FLTLIB.DLL
0x00007ffad5320000 - 0x00007ffad532a000 	C:\WINDOWS\SYSTEM32\VERSION.dll
0x00007ffad5410000 - 0x00007ffad5438000 	C:\WINDOWS\SYSTEM32\USERENV.dll
0x0000000000510000 - 0x0000000000524000 	C:\WINDOWS\System32\umppc15205.dll
0x0000000076190000 - 0x0000000076262000 	C:\Katalon_Studio_Windows_64-8.2.5\jre\bin\msvcr100.dll
0x00000000763d0000 - 0x0000000076c95000 	C:\Katalon_Studio_Windows_64-8.2.5\jre\bin\server\jvm.dll
0x00007ffac1310000 - 0x00007ffac1319000 	C:\WINDOWS\SYSTEM32\WSOCK32.dll
0x00007ffad8fa0000 - 0x00007ffad900c000 	C:\WINDOWS\System32\WS2_32.dll
0x00007ffad34d0000 - 0x00007ffad34f3000 	C:\WINDOWS\SYSTEM32\WINMM.dll
0x00007ffad34a0000 - 0x00007ffad34ca000 	C:\WINDOWS\SYSTEM32\WINMMBASE.dll
0x00007ffacbe80000 - 0x00007ffacbe8f000 	C:\Katalon_Studio_Windows_64-8.2.5\jre\bin\verify.dll
0x00007ffac0330000 - 0x00007ffac0359000 	C:\Katalon_Studio_Windows_64-8.2.5\jre\bin\java.dll
0x00007ffacbde0000 - 0x00007ffacbdf6000 	C:\Katalon_Studio_Windows_64-8.2.5\jre\bin\zip.dll
0x00007ffacb230000 - 0x00007ffacb24b000 	C:\Katalon_Studio_Windows_64-8.2.5\jre\bin\net.dll
0x00007ffad4cb0000 - 0x00007ffad4d16000 	C:\WINDOWS\system32\mswsock.dll
0x00007ffac3800000 - 0x00007ffac3811000 	C:\Katalon_Studio_Windows_64-8.2.5\jre\bin\nio.dll
0x00007ffac37d0000 - 0x00007ffac37dd000 	C:\Katalon_Studio_Windows_64-8.2.5\jre\bin\management.dll

VM Arguments:
jvm_args: -Dgroovy.home=C:\Users\uma.pal/.groovy -Djava.system.class.loader=groovy.lang.GroovyClassLoader -Xmx2048m -Dfile.encoding=UTF-8 
java_command: org.codehaus.groovy.tools.GroovyStarter --classpath C:\Users\uma.pal\Katalon Studio\My First API Project\bin\keyword;C:\Users\uma.pal\Katalon Studio\My First API Project\Keywords;C:\Users\uma.pal\Katalon Studio\My First API Project\bin\listener;C:\Users\uma.pal\Katalon Studio\My First API Project\Test Listeners;C:\Users\uma.pal\Katalon Studio\My First API Project\bin\lib;C:\Users\uma.pal\Katalon Studio\My First API Project\Libs;C:\Users\uma.pal\Katalon Studio\My First API Project\bin\groovy;C:\Users\uma.pal\Katalon Studio\My First API Project\Include\scripts\groovy;C:\Katalon_Studio_Windows_64-8.2.5\plugins\com.kms.katalon.core_1.0.0.202205100347.jar;C:\Katalon_Studio_Windows_64-8.2.5\configuration\resources\lib\aalto-xml-1.0.0.jar;C:\Katalon_Studio_Windows_64-8.2.5\configuration\resources\lib\aspectjweaver-1.9.1.jar;C:\Katalon_Studio_Windows_64-8.2.5\configuration\resources\lib\bcpkix-jdk15on-1.64.jar;C:\Katalon_Studio_Windows_64-8.2.5\configuration\resources\lib\bcprov-jdk15on-1.64.jar;C:\Katalon_Studio_Windows_64-8.2.5\configuration\resources\lib\browsermob-core-2.1.5.jar;C:\Katalon_Studio_Windows_64-8.2.5\configuration\resources\lib\cglib-3.2.10.jar;C:\Katalon_Studio_Windows_64-8.2.5\configuration\resources\lib\commons-codec-1.10.jar;C:\Katalon_Studio_Windows_64-8.2.5\configuration\resources\lib\commons-collections4-4.1.jar;C:\Katalon_Studio_Windows_64-8.2.5\configuration\resources\lib\commons-validator-1.6.jar;C:\Katalon_Studio_Windows_64-8.2.5\configuration\resources\lib\curvesapi-1.04.jar;C:\Katalon_Studio_Windows_64-8.2.5\configuration\resources\lib\dnsjava-2.1.8.jar;C:\Katalon_Studio_Windows_64-8.2.5\configuration\resources\lib\java-client-7.0.0.jar;C:\Katalon_Studio_Windows_64-8.2.5\configuration\resources\lib\jna-4.1.0.jar;C:\Katalon_Studio_Windows_64-8.2.5\configuration\resources\lib\jna-platform-4.1.0.jar;C:\Katalon_Studio_Windows_64-8.2.5\configuration\resources\lib\jzlib-1.1.3.jar;C:\Katalon_Studio_Windows_64-8.2.5\configuration\resour
java_class_path (initial): C:\Users\uma.pal\Katalon Studio\My First API Project\bin\keyword;C:\Users\uma.pal\Katalon Studio\My First API Project\bin\listener;C:\Users\uma.pal\Katalon Studio\My First API Project\bin\lib;C:\Users\uma.pal\Katalon Studio\My First API Project\bin\groovy;C:\Users\uma.pal\Katalon Studio\My First API Project\bin;C:\Katalon_Studio_Windows_64-8.2.5\plugins\com.kms.katalon.core_1.0.0.202205100347.jar;C:\Katalon_Studio_Windows_64-8.2.5\configuration\resources\lib\aalto-xml-1.0.0.jar;C:\Katalon_Studio_Windows_64-8.2.5\configuration\resources\lib\aspectjweaver-1.9.1.jar;C:\Katalon_Studio_Windows_64-8.2.5\configuration\resources\lib\bcpkix-jdk15on-1.64.jar;C:\Katalon_Studio_Windows_64-8.2.5\configuration\resources\lib\bcprov-jdk15on-1.64.jar;C:\Katalon_Studio_Windows_64-8.2.5\configuration\resources\lib\browsermob-core-2.1.5.jar;C:\Katalon_Studio_Windows_64-8.2.5\configuration\resources\lib\cglib-3.2.10.jar;C:\Katalon_Studio_Windows_64-8.2.5\configuration\resources\lib\commons-codec-1.10.jar;C:\Katalon_Studio_Windows_64-8.2.5\configuration\resources\lib\commons-collections4-4.1.jar;C:\Katalon_Studio_Windows_64-8.2.5\configuration\resources\lib\commons-validator-1.6.jar;C:\Katalon_Studio_Windows_64-8.2.5\configuration\resources\lib\curvesapi-1.04.jar;C:\Katalon_Studio_Windows_64-8.2.5\configuration\resources\lib\dnsjava-2.1.8.jar;C:\Katalon_Studio_Windows_64-8.2.5\configuration\resources\lib\java-client-7.0.0.jar;C:\Katalon_Studio_Windows_64-8.2.5\configuration\resources\lib\jna-4.1.0.jar;C:\Katalon_Studio_Windows_64-8.2.5\configuration\resources\lib\jna-platform-4.1.0.jar;C:\Katalon_Studio_Windows_64-8.2.5\configuration\resources\lib\jzlib-1.1.3.jar;C:\Katalon_Studio_Windows_64-8.2.5\configuration\resources\lib\kat-server.jar;C:\Katalon_Studio_Windows_64-8.2.5\configuration\resources\lib\littleproxy-1.1.0-beta-bmp-17.jar;C:\Katalon_Studio_Windows_64-8.2.5\configuration\resources\lib\log4j-1.2-api-2.17.1.jar;C:\Katalon_Studio_Windows_64-8.2.5\con
Launcher Type: SUN_STANDARD

Environment Variables:
JAVA_HOME=C:\Program Files\Java\jdk-11.0.14
PATH=C:/Katalon_Studio_Windows_64-8.2.5/jre/bin/server;C:/Katalon_Studio_Windows_64-8.2.5/jre/bin;C:/Katalon_Studio_Windows_64-8.2.5/jre/lib/amd64;C:\Program Files\Common Files\Oracle\Java\javapath;C:\Program Files (x86)\IBM\Trace Facility\;C:\Program Files (x86)\IBM\Personal Communications\;C:\Users\uma.pal\AppData\Local\Microsoft\WindowsApps;C:\Program Files\apache-maven-3.5.0\bin;C:\Program Files\Java\jdk-11.0.14\bin;C:\Program Files\PuTTY\;C:\Program Files\TortoiseGit\bin;C:\Program Files\Git\cmd;C:\Program Files\TortoiseSVN\bin;"C:\Program Files\Java\jdk-11.0.14\bin;";C:\Users\uma.pal\AppData\Local\Microsoft\WindowsApps;C:\Program Files\apache-maven-3.2.5\bin;C:\Program Files\Java\jdk-11.0.14\bin;"C:\Users\uma.pal\AppData\Local\Microsoft\WindowsApps;C:\Program Files\apache-maven-3.2.5\bin;C:\Program Files\Java\jdk-11.0.14\bin";"C:\Program Files\Java\jdk-11.0.14\bin;";C:\fp\swdir;C:\Katalon_Studio_Windows_64-8.2.5;
USERNAME=Uma.Pal
OS=Windows_NT
PROCESSOR_IDENTIFIER=Intel64 Family 6 Model 37 Stepping 1, GenuineIntel



---------------  S Y S T E M  ---------------

OS: Windows 10.0 , 64 bit Build 17134 (10.0.17134.2145)
VMWare virtualization detected

CPU:total 2 (initial active 2) (1 cores per cpu, 1 threads per core) family 6 model 37 stepping 1, cmov, cx8, fxsr, mmx, sse, sse2, sse3, ssse3, sse4.1, sse4.2, popcnt, aes, clmul, tsc, tscinvbit

Memory: 4k page, physical 8388148k(359384k free), swap 18860720k(4144k free)

vm_info: OpenJDK 64-Bit Server VM (25.282-b08) for windows-amd64 JRE (Zulu 8.52.0.23-CA-win64) (1.8.0_282-b08), built on Jan 12 2021 07:45:49 by "tester" with MS VC++ 10.0 (VS2010)

time: Fri Jul 01 07:43:02 2022
timezone: Mountain Daylight Time
elapsed time: 32.042678 seconds (0d 0h 0m 32s)

