#
# There is insufficient memory for the Java Runtime Environment to continue.
# Native memory allocation (malloc) failed to allocate 361456 bytes for Chunk::new
# Possible reasons:
#   The system is out of physical RAM or swap space
#   The process is running with CompressedOops enabled, and the Java Heap may be blocking the growth of the native heap
# Possible solutions:
#   Reduce memory load on the system
#   Increase physical memory or swap space
#   Check if swap backing store is full
#   Decrease Java heap size (-Xmx/-Xms)
#   Decrease number of Java threads
#   Decrease Java thread stack sizes (-Xss)
#   Set larger code cache with -XX:ReservedCodeCacheSize=
#   JVM is running with Unscaled Compressed Oops mode in which the Java heap is
#     placed in the first 4GB address space. The Java Heap base address is the
#     maximum limit for the native heap growth. Please use -XX:HeapBaseMinAddress
#     to set the Java Heap base and to place the Java Heap above 4GB virtual address.
# This output file may be truncated or incomplete.
#
#  Out of Memory Error (allocation.cpp:389), pid=31120, tid=0x0000000000007048
#
# JRE version: OpenJDK Runtime Environment (Zulu 8.52.0.23-CA-win64) (8.0_282-b08) (build 1.8.0_282-b08)
# Java VM: OpenJDK 64-Bit Server VM (25.282-b08 mixed mode windows-amd64 compressed oops)
# Failed to write core dump. Minidumps are not enabled by default on client versions of Windows
#

---------------  T H R E A D  ---------------

Current thread (0x0000000018c92800):  JavaThread "C2 CompilerThread0" daemon [_thread_in_native, id=28744, stack(0x00000000195b0000,0x00000000196b0000)]

Stack: [0x00000000195b0000,0x00000000196b0000]
[error occurred during error reporting (printing stack bounds), id 0xc0000005]

Native frames: (J=compiled Java code, j=interpreted, Vv=VM code, C=native code)


Current CompileTask:
C2: 102225 7051       4       sun.nio.fs.WindowsPathParser::normalize (233 bytes)


---------------  P R O C E S S  ---------------

Java Threads: ( => current thread )
  0x0000000018bec800 JavaThread "Service Thread" daemon [_thread_blocked, id=29184, stack(0x00000000197b0000,0x00000000198b0000)]
  0x0000000018ce1000 JavaThread "C1 CompilerThread1" daemon [_thread_blocked, id=21840, stack(0x00000000196b0000,0x00000000197b0000)]
=>0x0000000018c92800 JavaThread "C2 CompilerThread0" daemon [_thread_in_native, id=28744, stack(0x00000000195b0000,0x00000000196b0000)]
  0x0000000018c92000 JavaThread "Attach Listener" daemon [_thread_blocked, id=29956, stack(0x00000000194b0000,0x00000000195b0000)]
  0x0000000018c88800 JavaThread "Signal Dispatcher" daemon [_thread_blocked, id=17220, stack(0x00000000193b0000,0x00000000194b0000)]
  0x0000000002f8c000 JavaThread "Finalizer" daemon [_thread_blocked, id=19140, stack(0x00000000185c0000,0x00000000186c0000)]
  0x0000000017957000 JavaThread "Reference Handler" daemon [_thread_blocked, id=31608, stack(0x00000000184c0000,0x00000000185c0000)]
  0x0000000002e9c800 JavaThread "main" [_thread_in_vm, id=22164, stack(0x0000000002d60000,0x0000000002e60000)]

Other Threads:
  0x0000000017936000 VMThread [stack: 0x00000000183c0000,0x00000000184c0000] [id=29084]
  0x0000000018bef000 WatcherThread [stack: 0x00000000198b0000,0x00000000199b0000] [id=880]

VM state:not at safepoint (normal execution)

VM Mutex/Monitor currently owned by a thread: None

heap address: 0x0000000080000000, size: 2048 MB, Compressed Oops mode: 32-bit
Narrow klass base: 0x0000000000000000, Narrow klass shift: 3
Compressed class space size: 1073741824 Address: 0x0000000100000000

Heap:
 PSYoungGen      total 512000K, used 346642K [0x00000000d5580000, 0x00000000f6500000, 0x0000000100000000)
  eden space 508416K, 67% used [0x00000000d5580000,0x00000000ea4ec8a0,0x00000000f4600000)
  from space 3584K, 88% used [0x00000000f6180000,0x00000000f6498060,0x00000000f6500000)
  to   space 14336K, 0% used [0x00000000f4900000,0x00000000f4900000,0x00000000f5700000)
 ParOldGen       total 86528K, used 36873K [0x0000000080000000, 0x0000000085480000, 0x00000000d5580000)
  object space 86528K, 42% used [0x0000000080000000,0x00000000824025a0,0x0000000085480000)
 Metaspace       used 49606K, capacity 50900K, committed 50984K, reserved 1093632K
  class space    used 5857K, capacity 6380K, committed 6440K, reserved 1048576K

Card table byte_map: [0x0000000012350000,0x0000000012760000] byte_map_base: 0x0000000011f50000

Marking Bits: (ParMarkBitMap*) 0x0000000076c11f00
 Begin Bits: [0x0000000012c10000, 0x0000000014c10000)
 End Bits:   [0x0000000014c10000, 0x0000000016c10000)

Polling page: 0x0000000000f90000

CodeCache: size=245760Kb used=24923Kb max_used=24923Kb free=220837Kb
 bounds [0x0000000002f90000, 0x0000000004810000, 0x0000000011f90000]
 total_blobs=6664 nmethods=5888 adapters=687
 compilation: enabled

Compilation events (10 events):
Event: 102.075 Thread 0x0000000018c92800 nmethod 7046 0x00000000047fb490 code [0x00000000047fb600, 0x00000000047fb818]
Event: 102.075 Thread 0x0000000018c92800 7047       4       org.codehaus.groovy.antlr.AntlrParserPlugin::configureAST (95 bytes)
Event: 102.076 Thread 0x0000000018c92800 nmethod 7047 0x00000000047fb090 code [0x00000000047fb1e0, 0x00000000047fb2f8]
Event: 102.185 Thread 0x0000000018c92800 7048   !   4       groovyjarjarantlr.CharBuffer::fill (52 bytes)
Event: 102.197 Thread 0x0000000018ce1000 7049       1       java.util.Collections$EmptyMap::containsKey (2 bytes)
Event: 102.197 Thread 0x0000000018ce1000 nmethod 7049 0x00000000047fadd0 code [0x00000000047faf20, 0x00000000047fb030]
Event: 102.197 Thread 0x0000000018ce1000 7050       3       org.codehaus.groovy.ast.VariableScope::putReferencedLocalVariable (39 bytes)
Event: 102.197 Thread 0x0000000018ce1000 nmethod 7050 0x00000000047fce90 code [0x00000000047fd040, 0x00000000047fd578]
Event: 102.202 Thread 0x0000000018c92800 nmethod 7048 0x0000000004802e90 code [0x0000000004803060, 0x0000000004804110]
Event: 102.202 Thread 0x0000000018c92800 7051       4       sun.nio.fs.WindowsPathParser::normalize (233 bytes)

GC Heap History (10 events):
Event: 33.709 GC heap before
{Heap before GC invocations=14 (full 1):
 PSYoungGen      total 284160K, used 281728K [0x00000000d5580000, 0x00000000e7a80000, 0x0000000100000000)
  eden space 277504K, 100% used [0x00000000d5580000,0x00000000e6480000,0x00000000e6480000)
  from space 6656K, 63% used [0x00000000e7400000,0x00000000e7820000,0x00000000e7a80000)
  to   space 11264K, 0% used [0x00000000e6480000,0x00000000e6480000,0x00000000e6f80000)
 ParOldGen       total 49152K, used 19082K [0x0000000080000000, 0x0000000083000000, 0x00000000d5580000)
  object space 49152K, 38% used [0x0000000080000000,0x00000000812a28e8,0x0000000083000000)
 Metaspace       used 32352K, capacity 33170K, committed 33408K, reserved 1079296K
  class space    used 3586K, capacity 3926K, committed 3968K, reserved 1048576K
Event: 33.731 GC heap after
Heap after GC invocations=14 (full 1):
 PSYoungGen      total 288768K, used 1184K [0x00000000d5580000, 0x00000000eeb80000, 0x0000000100000000)
  eden space 277504K, 0% used [0x00000000d5580000,0x00000000d5580000,0x00000000e6480000)
  from space 11264K, 10% used [0x00000000e6480000,0x00000000e65a8010,0x00000000e6f80000)
  to   space 11776K, 0% used [0x00000000ee000000,0x00000000ee000000,0x00000000eeb80000)
 ParOldGen       total 49152K, used 22842K [0x0000000080000000, 0x0000000083000000, 0x00000000d5580000)
  object space 49152K, 46% used [0x0000000080000000,0x000000008164e8f8,0x0000000083000000)
 Metaspace       used 32352K, capacity 33170K, committed 33408K, reserved 1079296K
  class space    used 3586K, capacity 3926K, committed 3968K, reserved 1048576K
}
Event: 41.750 GC heap before
{Heap before GC invocations=15 (full 1):
 PSYoungGen      total 288768K, used 255673K [0x00000000d5580000, 0x00000000eeb80000, 0x0000000100000000)
  eden space 277504K, 91% used [0x00000000d5580000,0x00000000e4e06678,0x00000000e6480000)
  from space 11264K, 10% used [0x00000000e6480000,0x00000000e65a8010,0x00000000e6f80000)
  to   space 11776K, 0% used [0x00000000ee000000,0x00000000ee000000,0x00000000eeb80000)
 ParOldGen       total 49152K, used 22842K [0x0000000080000000, 0x0000000083000000, 0x00000000d5580000)
  object space 49152K, 46% used [0x0000000080000000,0x000000008164e8f8,0x0000000083000000)
 Metaspace       used 34492K, capacity 35368K, committed 35496K, reserved 1081344K
  class space    used 3860K, capacity 4245K, committed 4264K, reserved 1048576K
Event: 41.781 GC heap after
Heap after GC invocations=15 (full 1):
 PSYoungGen      total 390656K, used 3490K [0x00000000d5580000, 0x00000000ee480000, 0x0000000100000000)
  eden space 386048K, 0% used [0x00000000d5580000,0x00000000d5580000,0x00000000ece80000)
  from space 4608K, 75% used [0x00000000ee000000,0x00000000ee368aa8,0x00000000ee480000)
  to   space 11264K, 0% used [0x00000000ece80000,0x00000000ece80000,0x00000000ed980000)
 ParOldGen       total 49152K, used 23338K [0x0000000080000000, 0x0000000083000000, 0x00000000d5580000)
  object space 49152K, 47% used [0x0000000080000000,0x00000000816ca8f8,0x0000000083000000)
 Metaspace       used 34492K, capacity 35368K, committed 35496K, reserved 1081344K
  class space    used 3860K, capacity 4245K, committed 4264K, reserved 1048576K
}
Event: 41.781 GC heap before
{Heap before GC invocations=16 (full 2):
 PSYoungGen      total 390656K, used 3490K [0x00000000d5580000, 0x00000000ee480000, 0x0000000100000000)
  eden space 386048K, 0% used [0x00000000d5580000,0x00000000d5580000,0x00000000ece80000)
  from space 4608K, 75% used [0x00000000ee000000,0x00000000ee368aa8,0x00000000ee480000)
  to   space 11264K, 0% used [0x00000000ece80000,0x00000000ece80000,0x00000000ed980000)
 ParOldGen       total 49152K, used 23338K [0x0000000080000000, 0x0000000083000000, 0x00000000d5580000)
  object space 49152K, 47% used [0x0000000080000000,0x00000000816ca8f8,0x0000000083000000)
 Metaspace       used 34492K, capacity 35368K, committed 35496K, reserved 1081344K
  class space    used 3860K, capacity 4245K, committed 4264K, reserved 1048576K
Event: 42.058 GC heap after
Heap after GC invocations=16 (full 2):
 PSYoungGen      total 390656K, used 0K [0x00000000d5580000, 0x00000000ee480000, 0x0000000100000000)
  eden space 386048K, 0% used [0x00000000d5580000,0x00000000d5580000,0x00000000ece80000)
  from space 4608K, 0% used [0x00000000ee000000,0x00000000ee000000,0x00000000ee480000)
  to   space 11264K, 0% used [0x00000000ece80000,0x00000000ece80000,0x00000000ed980000)
 ParOldGen       total 86528K, used 24450K [0x0000000080000000, 0x0000000085480000, 0x00000000d5580000)
  object space 86528K, 28% used [0x0000000080000000,0x00000000817e0868,0x0000000085480000)
 Metaspace       used 34492K, capacity 35368K, committed 35496K, reserved 1081344K
  class space    used 3860K, capacity 4245K, committed 4264K, reserved 1048576K
}
Event: 58.834 GC heap before
{Heap before GC invocations=17 (full 2):
 PSYoungGen      total 390656K, used 386048K [0x00000000d5580000, 0x00000000ee480000, 0x0000000100000000)
  eden space 386048K, 100% used [0x00000000d5580000,0x00000000ece80000,0x00000000ece80000)
  from space 4608K, 0% used [0x00000000ee000000,0x00000000ee000000,0x00000000ee480000)
  to   space 11264K, 0% used [0x00000000ece80000,0x00000000ece80000,0x00000000ed980000)
 ParOldGen       total 86528K, used 24450K [0x0000000080000000, 0x0000000085480000, 0x00000000d5580000)
  object space 86528K, 28% used [0x0000000080000000,0x00000000817e0868,0x0000000085480000)
 Metaspace       used 48244K, capacity 49318K, committed 49448K, reserved 1093632K
  class space    used 5718K, capacity 6133K, committed 6184K, reserved 1048576K
Event: 59.094 GC heap after
Heap after GC invocations=17 (full 2):
 PSYoungGen      total 397312K, used 11243K [0x00000000d5580000, 0x00000000f7000000, 0x0000000100000000)
  eden space 386048K, 0% used [0x00000000d5580000,0x00000000d5580000,0x00000000ece80000)
  from space 11264K, 99% used [0x00000000ece80000,0x00000000ed97ae88,0x00000000ed980000)
  to   space 14848K, 0% used [0x00000000f6180000,0x00000000f6180000,0x00000000f7000000)
 ParOldGen       total 86528K, used 29624K [0x0000000080000000, 0x0000000085480000, 0x00000000d5580000)
  object space 86528K, 34% used [0x0000000080000000,0x0000000081cee058,0x0000000085480000)
 Metaspace       used 48244K, capacity 49318K, committed 49448K, reserved 1093632K
  class space    used 5718K, capacity 6133K, committed 6184K, reserved 1048576K
}
Event: 80.584 GC heap before
{Heap before GC invocations=18 (full 2):
 PSYoungGen      total 397312K, used 397291K [0x00000000d5580000, 0x00000000f7000000, 0x0000000100000000)
  eden space 386048K, 100% used [0x00000000d5580000,0x00000000ece80000,0x00000000ece80000)
  from space 11264K, 99% used [0x00000000ece80000,0x00000000ed97ae88,0x00000000ed980000)
  to   space 14848K, 0% used [0x00000000f6180000,0x00000000f6180000,0x00000000f7000000)
 ParOldGen       total 86528K, used 29624K [0x0000000080000000, 0x0000000085480000, 0x00000000d5580000)
  object space 86528K, 34% used [0x0000000080000000,0x0000000081cee058,0x0000000085480000)
 Metaspace       used 49069K, capacity 50294K, committed 50344K, reserved 1093632K
  class space    used 5794K, capacity 6274K, committed 6312K, reserved 1048576K
Event: 80.625 GC heap after
Heap after GC invocations=18 (full 2):
 PSYoungGen      total 512000K, used 3168K [0x00000000d5580000, 0x00000000f6500000, 0x0000000100000000)
  eden space 508416K, 0% used [0x00000000d5580000,0x00000000d5580000,0x00000000f4600000)
  from space 3584K, 88% used [0x00000000f6180000,0x00000000f6498060,0x00000000f6500000)
  to   space 14336K, 0% used [0x00000000f4900000,0x00000000f4900000,0x00000000f5700000)
 ParOldGen       total 86528K, used 36873K [0x0000000080000000, 0x0000000085480000, 0x00000000d5580000)
  object space 86528K, 42% used [0x0000000080000000,0x00000000824025a0,0x0000000085480000)
 Metaspace       used 49069K, capacity 50294K, committed 50344K, reserved 1093632K
  class space    used 5794K, capacity 6274K, committed 6312K, reserved 1048576K
}

Deoptimization events (10 events):
Event: 58.046 Thread 0x0000000002e9c800 Uncommon trap: reason=class_check action=maybe_recompile pc=0x0000000003ef0d6c method=sun.reflect.generics.parser.SignatureParser.parseTypeArgument()Lsun/reflect/generics/tree/TypeArgument; @ 111
Event: 58.046 Thread 0x0000000002e9c800 Uncommon trap: reason=class_check action=maybe_recompile pc=0x0000000003ef0d6c method=sun.reflect.generics.parser.SignatureParser.parseTypeArgument()Lsun/reflect/generics/tree/TypeArgument; @ 111
Event: 58.056 Thread 0x0000000002e9c800 Uncommon trap: reason=unstable_if action=reinterpret pc=0x0000000003292c60 method=groovy.lang.MetaClassImpl.filterPropertyMethod(Ljava/lang/Object;ZZ)Ljava/lang/Object; @ 80
Event: 58.091 Thread 0x0000000002e9c800 Uncommon trap: reason=unstable_if action=reinterpret pc=0x00000000030a9890 method=sun.nio.cs.UTF_8$Encoder.encode([CII[B)I @ 33
Event: 58.583 Thread 0x0000000002e9c800 Uncommon trap: reason=range_check action=make_not_entrant pc=0x00000000030a2ae8 method=java.lang.String.charAt(I)C @ 27
Event: 58.701 Thread 0x0000000002e9c800 Uncommon trap: reason=bimorphic action=maybe_recompile pc=0x0000000003617218 method=java.net.URL.<init>(Ljava/net/URL;Ljava/lang/String;Ljava/net/URLStreamHandler;)V @ 504
Event: 91.961 Thread 0x0000000002e9c800 Uncommon trap: reason=unstable_if action=reinterpret pc=0x0000000004228acc method=java.util.regex.Pattern$Curly.match0(Ljava/util/regex/Matcher;IILjava/lang/CharSequence;)Z @ 5
Event: 94.824 Thread 0x0000000002e9c800 Uncommon trap: reason=unstable_if action=reinterpret pc=0x0000000003f88778 method=org.apache.xerces.impl.XMLEntityScanner.scanContent(Lorg/apache/xerces/xni/XMLString;)I @ 524
Event: 99.570 Thread 0x0000000002e9c800 Uncommon trap: reason=unstable_if action=reinterpret pc=0x00000000045e39c8 method=org.codehaus.groovy.antlr.UnicodeEscapingReader.read()I @ 4
Event: 99.571 Thread 0x0000000002e9c800 Uncommon trap: reason=unstable_if action=reinterpret pc=0x00000000045e7c1c method=org.codehaus.groovy.antlr.UnicodeEscapingReader.read()I @ 4

Classes redefined (0 events):
No events

Internal exceptions (10 events):
Event: 102.134 Thread 0x0000000002e9c800 Exception <a 'java/security/PrivilegedActionException'> (0x00000000e9b65ec0) thrown at [C:\jenkins\workspace\zulu8-silver-build-win64\zulu-src\hotspot\src\share\vm\prims\jvm.cpp, line 1529]
Event: 102.135 Thread 0x0000000002e9c800 Exception <a 'java/security/PrivilegedActionException'> (0x00000000e9b787d0) thrown at [C:\jenkins\workspace\zulu8-silver-build-win64\zulu-src\hotspot\src\share\vm\prims\jvm.cpp, line 1529]
Event: 102.135 Thread 0x0000000002e9c800 Exception <a 'java/security/PrivilegedActionException'> (0x00000000e9b78f98) thrown at [C:\jenkins\workspace\zulu8-silver-build-win64\zulu-src\hotspot\src\share\vm\prims\jvm.cpp, line 1529]
Event: 102.154 Thread 0x0000000002e9c800 Exception <a 'java/security/PrivilegedActionException'> (0x00000000e9d99e80) thrown at [C:\jenkins\workspace\zulu8-silver-build-win64\zulu-src\hotspot\src\share\vm\prims\jvm.cpp, line 1529]
Event: 102.154 Thread 0x0000000002e9c800 Exception <a 'java/security/PrivilegedActionException'> (0x00000000e9d9a648) thrown at [C:\jenkins\workspace\zulu8-silver-build-win64\zulu-src\hotspot\src\share\vm\prims\jvm.cpp, line 1529]
Event: 102.154 Thread 0x0000000002e9c800 Exception <a 'java/security/PrivilegedActionException'> (0x00000000e9dad848) thrown at [C:\jenkins\workspace\zulu8-silver-build-win64\zulu-src\hotspot\src\share\vm\prims\jvm.cpp, line 1529]
Event: 102.154 Thread 0x0000000002e9c800 Exception <a 'java/security/PrivilegedActionException'> (0x00000000e9dae010) thrown at [C:\jenkins\workspace\zulu8-silver-build-win64\zulu-src\hotspot\src\share\vm\prims\jvm.cpp, line 1529]
Event: 102.174 Thread 0x0000000002e9c800 Exception <a 'java/lang/ClassNotFoundException': Script1BeanInfo> (0x00000000e9f71a10) thrown at [C:\jenkins\workspace\zulu8-silver-build-win64\zulu-src\hotspot\src\share\vm\classfile\systemDictionary.cpp, line 220]
Event: 102.181 Thread 0x0000000002e9c800 Exception <a 'java/lang/ClassNotFoundException': Script1Customizer> (0x00000000ea002a70) thrown at [C:\jenkins\workspace\zulu8-silver-build-win64\zulu-src\hotspot\src\share\vm\classfile\systemDictionary.cpp, line 220]
Event: 102.212 Thread 0x0000000002e9c800 Exception <a 'java/lang/ClassNotFoundException': groovy/tmp/templates/GStringTemplateScript45BeanInfo> (0x00000000ea1b6430) thrown at [C:\jenkins\workspace\zulu8-silver-build-win64\zulu-src\hotspot\src\share\vm\classfile\systemDictionary.cpp, line 220]

Events (10 events):
Event: 102.200 loading class groovy/runtime/metaclass/groovy/tmp/templates/GStringTemplateScript45MetaClass
Event: 102.200 loading class groovy/runtime/metaclass/groovy/tmp/templates/GStringTemplateScript45MetaClass done
Event: 102.202 loading class groovy/tmp/templates/GStringTemplateScript45BeanInfo
Event: 102.202 loading class groovy/tmp/templates/GStringTemplateScript45BeanInfo done
Event: 102.208 loading class groovy/tmp/templates/GStringTemplateScript45BeanInfo
Event: 102.208 loading class groovy/tmp/templates/GStringTemplateScript45BeanInfo done
Event: 102.212 loading class groovy/tmp/templates/GStringTemplateScript45BeanInfo
Event: 102.212 loading class groovy/tmp/templates/GStringTemplateScript45BeanInfo done
Event: 102.213 loading class groovy/tmp/templates/GStringTemplateScript45Customizer
Event: 102.213 loading class groovy/tmp/templates/GStringTemplateScript45Customizer done


Dynamic libraries:
0x00007ff63fa10000 - 0x00007ff63fa45000 	C:\Katalon_Studio_Windows_64-8.2.5\jre\bin\javaw.exe
0x00007ffad9220000 - 0x00007ffad9401000 	C:\WINDOWS\SYSTEM32\ntdll.dll
0x00007ffad68e0000 - 0x00007ffad6991000 	C:\WINDOWS\System32\KERNEL32.DLL
0x00007ffad6280000 - 0x00007ffad64f3000 	C:\WINDOWS\System32\KERNELBASE.dll
0x00007ffad8470000 - 0x00007ffad8511000 	C:\WINDOWS\System32\ADVAPI32.dll
0x00007ffad83a0000 - 0x00007ffad843e000 	C:\WINDOWS\System32\msvcrt.dll
0x00007ffad8bb0000 - 0x00007ffad8c0b000 	C:\WINDOWS\System32\sechost.dll
0x00007ffad90b0000 - 0x00007ffad91d2000 	C:\WINDOWS\System32\RPCRT4.dll
0x00007ffad89b0000 - 0x00007ffad8b40000 	C:\WINDOWS\System32\USER32.dll
0x00007ffad5a70000 - 0x00007ffad5a90000 	C:\WINDOWS\System32\win32u.dll
0x00007ffad8440000 - 0x00007ffad8468000 	C:\WINDOWS\System32\GDI32.dll
0x00007ffad6500000 - 0x00007ffad6694000 	C:\WINDOWS\System32\gdi32full.dll
0x00007ffad59d0000 - 0x00007ffad5a6f000 	C:\WINDOWS\System32\msvcp_win.dll
0x00007ffad58d0000 - 0x00007ffad59c8000 	C:\WINDOWS\System32\ucrtbase.dll
0x00007ffac67e0000 - 0x00007ffac6a49000 	C:\WINDOWS\WinSxS\amd64_microsoft.windows.common-controls_6595b64144ccf1df_6.0.17134.2208_none_d3fb8d057c943d4a\COMCTL32.dll
0x00007ffad8c70000 - 0x00007ffad8f92000 	C:\WINDOWS\System32\combase.dll
0x00007ffad6200000 - 0x00007ffad6279000 	C:\WINDOWS\System32\bcryptPrimitives.dll
0x00007ffad9020000 - 0x00007ffad904d000 	C:\WINDOWS\System32\IMM32.DLL
0x00007ffad52f0000 - 0x00007ffad5315000 	C:\Windows\system32\vmwsci.dll
0x00007ffad91e0000 - 0x00007ffad91e8000 	C:\WINDOWS\System32\PSAPI.DLL
0x00007ffad53d0000 - 0x00007ffad540c000 	C:\Windows\system32\PRIVMA~1.DLL
0x00007ffad6df0000 - 0x00007ffad8236000 	C:\WINDOWS\System32\SHELL32.dll
0x00007ffad61b0000 - 0x00007ffad61f9000 	C:\WINDOWS\System32\cfgmgr32.dll
0x00007ffad6790000 - 0x00007ffad6838000 	C:\WINDOWS\System32\shcore.dll
0x00007ffad5a90000 - 0x00007ffad61a3000 	C:\WINDOWS\System32\windows.storage.dll
0x00007ffad8c10000 - 0x00007ffad8c61000 	C:\WINDOWS\System32\shlwapi.dll
0x00007ffad5580000 - 0x00007ffad5591000 	C:\WINDOWS\System32\kernel.appcore.dll
0x00007ffad5560000 - 0x00007ffad557f000 	C:\WINDOWS\System32\profapi.dll
0x00007ffad5510000 - 0x00007ffad555c000 	C:\WINDOWS\System32\powrprof.dll
0x00007ffad55a0000 - 0x00007ffad55aa000 	C:\WINDOWS\System32\FLTLIB.DLL
0x00007ffad5320000 - 0x00007ffad532a000 	C:\WINDOWS\SYSTEM32\VERSION.dll
0x00007ffad5410000 - 0x00007ffad5438000 	C:\WINDOWS\SYSTEM32\USERENV.dll
0x0000000000bd0000 - 0x0000000000be4000 	C:\WINDOWS\System32\umppc15205.dll
0x0000000076190000 - 0x0000000076262000 	C:\Katalon_Studio_Windows_64-8.2.5\jre\bin\msvcr100.dll
0x00000000763d0000 - 0x0000000076c95000 	C:\Katalon_Studio_Windows_64-8.2.5\jre\bin\server\jvm.dll
0x00007ffac1310000 - 0x00007ffac1319000 	C:\WINDOWS\SYSTEM32\WSOCK32.dll
0x00007ffad8fa0000 - 0x00007ffad900c000 	C:\WINDOWS\System32\WS2_32.dll
0x00007ffad34d0000 - 0x00007ffad34f3000 	C:\WINDOWS\SYSTEM32\WINMM.dll
0x00007ffad34a0000 - 0x00007ffad34ca000 	C:\WINDOWS\SYSTEM32\WINMMBASE.dll
0x00007ffacbe80000 - 0x00007ffacbe8f000 	C:\Katalon_Studio_Windows_64-8.2.5\jre\bin\verify.dll
0x00007ffac0330000 - 0x00007ffac0359000 	C:\Katalon_Studio_Windows_64-8.2.5\jre\bin\java.dll
0x00007ffacbde0000 - 0x00007ffacbdf6000 	C:\Katalon_Studio_Windows_64-8.2.5\jre\bin\zip.dll
0x00007ffacb230000 - 0x00007ffacb24b000 	C:\Katalon_Studio_Windows_64-8.2.5\jre\bin\net.dll
0x00007ffad4cb0000 - 0x00007ffad4d16000 	C:\WINDOWS\system32\mswsock.dll
0x00007ffac3800000 - 0x00007ffac3811000 	C:\Katalon_Studio_Windows_64-8.2.5\jre\bin\nio.dll
0x00007ffac37d0000 - 0x00007ffac37dd000 	C:\Katalon_Studio_Windows_64-8.2.5\jre\bin\management.dll
0x00007ffacaaf0000 - 0x00007ffacab06000 	C:\WINDOWS\system32\napinsp.dll
0x00007ffacaad0000 - 0x00007ffacaaea000 	C:\WINDOWS\system32\pnrpnsp.dll
0x00007ffacbd60000 - 0x00007ffacbd79000 	C:\WINDOWS\system32\NLAapi.dll
0x00007ffad4a40000 - 0x00007ffad4afe000 	C:\WINDOWS\SYSTEM32\DNSAPI.dll
0x00007ffad9010000 - 0x00007ffad9018000 	C:\WINDOWS\System32\NSI.dll
0x00007ffad4a00000 - 0x00007ffad4a38000 	C:\WINDOWS\SYSTEM32\IPHLPAPI.DLL
0x00007ffacaac0000 - 0x00007ffacaace000 	C:\WINDOWS\System32\winrnr.dll
0x00007ffacb7a0000 - 0x00007ffacb7aa000 	C:\Windows\System32\rasadhlp.dll
0x00007ffaceee0000 - 0x00007ffacef52000 	C:\WINDOWS\System32\fwpuclnt.dll
0x00007ffad4f90000 - 0x00007ffad4fb5000 	C:\WINDOWS\SYSTEM32\bcrypt.dll
0x00007ffabf020000 - 0x00007ffabf044000 	C:\Katalon_Studio_Windows_64-8.2.5\jre\bin\sunec.dll
0x00007ffad4e60000 - 0x00007ffad4e77000 	C:\WINDOWS\SYSTEM32\CRYPTSP.dll
0x00007ffad4860000 - 0x00007ffad4893000 	C:\WINDOWS\system32\rsaenh.dll
0x00007ffad4e80000 - 0x00007ffad4e8b000 	C:\WINDOWS\SYSTEM32\CRYPTBASE.dll
0x00007ffacdb20000 - 0x00007ffacdb36000 	C:\WINDOWS\SYSTEM32\dhcpcsvc6.DLL
0x00007ffacefc0000 - 0x00007ffacefda000 	C:\WINDOWS\SYSTEM32\dhcpcsvc.DLL
0x00007ffac37e0000 - 0x00007ffac37ec000 	C:\Katalon_Studio_Windows_64-8.2.5\jre\bin\sunmscapi.dll
0x00007ffad5680000 - 0x00007ffad5862000 	C:\WINDOWS\System32\CRYPT32.dll
0x00007ffad55b0000 - 0x00007ffad55c2000 	C:\WINDOWS\System32\MSASN1.dll
0x00007ffad4f60000 - 0x00007ffad4f86000 	C:\WINDOWS\SYSTEM32\ncrypt.dll
0x00007ffad4f20000 - 0x00007ffad4f56000 	C:\WINDOWS\SYSTEM32\NTASN1.dll

VM Arguments:
jvm_args: -Dgroovy.home=C:\Users\uma.pal/.groovy -Djava.system.class.loader=groovy.lang.GroovyClassLoader -Xmx2048m -Dfile.encoding=UTF-8 
java_command: org.codehaus.groovy.tools.GroovyStarter --classpath C:\Users\uma.pal\Katalon Studio\My First API Project\bin\keyword;C:\Users\uma.pal\Katalon Studio\My First API Project\Keywords;C:\Users\uma.pal\Katalon Studio\My First API Project\bin\listener;C:\Users\uma.pal\Katalon Studio\My First API Project\Test Listeners;C:\Users\uma.pal\Katalon Studio\My First API Project\bin\lib;C:\Users\uma.pal\Katalon Studio\My First API Project\Libs;C:\Users\uma.pal\Katalon Studio\My First API Project\bin\groovy;C:\Users\uma.pal\Katalon Studio\My First API Project\Include\scripts\groovy;C:\Katalon_Studio_Windows_64-8.2.5\plugins\com.kms.katalon.core_1.0.0.202205100347.jar;C:\Katalon_Studio_Windows_64-8.2.5\configuration\resources\lib\aalto-xml-1.0.0.jar;C:\Katalon_Studio_Windows_64-8.2.5\configuration\resources\lib\aspectjweaver-1.9.1.jar;C:\Katalon_Studio_Windows_64-8.2.5\configuration\resources\lib\bcpkix-jdk15on-1.64.jar;C:\Katalon_Studio_Windows_64-8.2.5\configuration\resources\lib\bcprov-jdk15on-1.64.jar;C:\Katalon_Studio_Windows_64-8.2.5\configuration\resources\lib\browsermob-core-2.1.5.jar;C:\Katalon_Studio_Windows_64-8.2.5\configuration\resources\lib\cglib-3.2.10.jar;C:\Katalon_Studio_Windows_64-8.2.5\configuration\resources\lib\commons-codec-1.10.jar;C:\Katalon_Studio_Windows_64-8.2.5\configuration\resources\lib\commons-collections4-4.1.jar;C:\Katalon_Studio_Windows_64-8.2.5\configuration\resources\lib\commons-validator-1.6.jar;C:\Katalon_Studio_Windows_64-8.2.5\configuration\resources\lib\curvesapi-1.04.jar;C:\Katalon_Studio_Windows_64-8.2.5\configuration\resources\lib\dnsjava-2.1.8.jar;C:\Katalon_Studio_Windows_64-8.2.5\configuration\resources\lib\java-client-7.0.0.jar;C:\Katalon_Studio_Windows_64-8.2.5\configuration\resources\lib\jna-4.1.0.jar;C:\Katalon_Studio_Windows_64-8.2.5\configuration\resources\lib\jna-platform-4.1.0.jar;C:\Katalon_Studio_Windows_64-8.2.5\configuration\resources\lib\jzlib-1.1.3.jar;C:\Katalon_Studio_Windows_64-8.2.5\configuration\resour
java_class_path (initial): C:\Users\uma.pal\Katalon Studio\My First API Project\bin\keyword;C:\Users\uma.pal\Katalon Studio\My First API Project\bin\listener;C:\Users\uma.pal\Katalon Studio\My First API Project\bin\lib;C:\Users\uma.pal\Katalon Studio\My First API Project\bin\groovy;C:\Users\uma.pal\Katalon Studio\My First API Project\bin;C:\Katalon_Studio_Windows_64-8.2.5\plugins\com.kms.katalon.core_1.0.0.202205100347.jar;C:\Katalon_Studio_Windows_64-8.2.5\configuration\resources\lib\aalto-xml-1.0.0.jar;C:\Katalon_Studio_Windows_64-8.2.5\configuration\resources\lib\aspectjweaver-1.9.1.jar;C:\Katalon_Studio_Windows_64-8.2.5\configuration\resources\lib\bcpkix-jdk15on-1.64.jar;C:\Katalon_Studio_Windows_64-8.2.5\configuration\resources\lib\bcprov-jdk15on-1.64.jar;C:\Katalon_Studio_Windows_64-8.2.5\configuration\resources\lib\browsermob-core-2.1.5.jar;C:\Katalon_Studio_Windows_64-8.2.5\configuration\resources\lib\cglib-3.2.10.jar;C:\Katalon_Studio_Windows_64-8.2.5\configuration\resources\lib\commons-codec-1.10.jar;C:\Katalon_Studio_Windows_64-8.2.5\configuration\resources\lib\commons-collections4-4.1.jar;C:\Katalon_Studio_Windows_64-8.2.5\configuration\resources\lib\commons-validator-1.6.jar;C:\Katalon_Studio_Windows_64-8.2.5\configuration\resources\lib\curvesapi-1.04.jar;C:\Katalon_Studio_Windows_64-8.2.5\configuration\resources\lib\dnsjava-2.1.8.jar;C:\Katalon_Studio_Windows_64-8.2.5\configuration\resources\lib\java-client-7.0.0.jar;C:\Katalon_Studio_Windows_64-8.2.5\configuration\resources\lib\jna-4.1.0.jar;C:\Katalon_Studio_Windows_64-8.2.5\configuration\resources\lib\jna-platform-4.1.0.jar;C:\Katalon_Studio_Windows_64-8.2.5\configuration\resources\lib\jzlib-1.1.3.jar;C:\Katalon_Studio_Windows_64-8.2.5\configuration\resources\lib\kat-server.jar;C:\Katalon_Studio_Windows_64-8.2.5\configuration\resources\lib\littleproxy-1.1.0-beta-bmp-17.jar;C:\Katalon_Studio_Windows_64-8.2.5\configuration\resources\lib\log4j-1.2-api-2.17.1.jar;C:\Katalon_Studio_Windows_64-8.2.5\con
Launcher Type: SUN_STANDARD

Environment Variables:
JAVA_HOME=C:\Program Files\Java\jdk-11.0.14
PATH=C:/Katalon_Studio_Windows_64-8.2.5/jre/bin/server;C:/Katalon_Studio_Windows_64-8.2.5/jre/bin;C:/Katalon_Studio_Windows_64-8.2.5/jre/lib/amd64;C:\Program Files\Common Files\Oracle\Java\javapath;C:\Program Files (x86)\IBM\Trace Facility\;C:\Program Files (x86)\IBM\Personal Communications\;C:\Users\uma.pal\AppData\Local\Microsoft\WindowsApps;C:\Program Files\apache-maven-3.5.0\bin;C:\Program Files\Java\jdk-11.0.14\bin;C:\Program Files\PuTTY\;C:\Program Files\TortoiseGit\bin;C:\Program Files\Git\cmd;C:\Program Files\TortoiseSVN\bin;"C:\Program Files\Java\jdk-11.0.14\bin;";C:\Users\uma.pal\AppData\Local\Microsoft\WindowsApps;C:\Program Files\apache-maven-3.2.5\bin;C:\Program Files\Java\jdk-11.0.14\bin;"C:\Users\uma.pal\AppData\Local\Microsoft\WindowsApps;C:\Program Files\apache-maven-3.2.5\bin;C:\Program Files\Java\jdk-11.0.14\bin";"C:\Program Files\Java\jdk-11.0.14\bin;";C:\fp\swdir;C:\Katalon_Studio_Windows_64-8.2.5;
USERNAME=Uma.Pal
OS=Windows_NT
PROCESSOR_IDENTIFIER=Intel64 Family 6 Model 37 Stepping 1, GenuineIntel



---------------  S Y S T E M  ---------------

OS: Windows 10.0 , 64 bit Build 17134 (10.0.17134.2145)
VMWare virtualization detected

CPU:total 2 (initial active 2) (1 cores per cpu, 1 threads per core) family 6 model 37 stepping 1, cmov, cx8, fxsr, mmx, sse, sse2, sse3, ssse3, sse4.1, sse4.2, popcnt, aes, clmul, tsc, tscinvbit

Memory: 4k page, physical 8388148k(437340k free), swap 18860720k(4276k free)

vm_info: OpenJDK 64-Bit Server VM (25.282-b08) for windows-amd64 JRE (Zulu 8.52.0.23-CA-win64) (1.8.0_282-b08), built on Jan 12 2021 07:45:49 by "tester" with MS VC++ 10.0 (VS2010)

time: Fri Jul 01 07:51:26 2022
timezone: Mountain Daylight Time
elapsed time: 102.264792 seconds (0d 0h 1m 42s)

